<?xml version="1.0" encoding="UTF-8"?>
<testsuite name="FoodChainTest" tests="10" skipped="0" failures="0" errors="0" timestamp="2019-07-09T10:02:25" hostname="intern.local" time="0.007">
  <properties/>
  <testcase name="spider" classname="FoodChainTest" time="0.0"/>
  <testcase name="wholeSong" classname="FoodChainTest" time="0.004"/>
  <testcase name="cat" classname="FoodChainTest" time="0.0"/>
  <testcase name="cow" classname="FoodChainTest" time="0.0"/>
  <testcase name="dog" classname="FoodChainTest" time="0.0"/>
  <testcase name="fly" classname="FoodChainTest" time="0.0"/>
  <testcase name="bird" classname="FoodChainTest" time="0.0"/>
  <testcase name="goat" classname="FoodChainTest" time="0.0"/>
  <testcase name="horse" classname="FoodChainTest" time="0.0"/>
  <testcase name="multipleVerses" classname="FoodChainTest" time="0.0"/>
  <system-out><![CDATA[]]></system-out>
  <system-err><![CDATA[]]></system-err>
</testsuite>
