<?xml version="1.0" encoding="UTF-8"?>
<testsuite name="NucleotideCounterTest" tests="5" skipped="0" failures="0" errors="0" timestamp="2019-07-16T11:49:15" hostname="intern.local" time="0.011">
  <properties/>
  <testcase name="testDnaStringHasOneNucleotide" classname="NucleotideCounterTest" time="0.007"/>
  <testcase name="testDnaStringHasMultipleNucleotide" classname="NucleotideCounterTest" time="0.0"/>
  <testcase name="testEmptyDnaStringHasNoNucleotides" classname="NucleotideCounterTest" time="0.0"/>
  <testcase name="testDnaStringHasInvalidNucleotides" classname="NucleotideCounterTest" time="0.002"/>
  <testcase name="testRepetitiveSequenceWithOnlyGuanine" classname="NucleotideCounterTest" time="0.0"/>
  <system-out><![CDATA[]]></system-out>
  <system-err><![CDATA[]]></system-err>
</testsuite>
