<?xml version="1.0" encoding="UTF-8"?>
<testsuite name="DiamondPrinterTest" tests="5" skipped="0" failures="0" errors="0" timestamp="2019-07-10T11:51:06" hostname="intern.local" time="0.033">
  <properties/>
  <testcase name="testFourByFourDiamond" classname="DiamondPrinterTest" time="0.029"/>
  <testcase name="testFullDiamond" classname="DiamondPrinterTest" time="0.002"/>
  <testcase name="testThreeByThreeDiamond" classname="DiamondPrinterTest" time="0.001"/>
  <testcase name="testOneByOneDiamond" classname="DiamondPrinterTest" time="0.0"/>
  <testcase name="testTwoByTwoDiamond" classname="DiamondPrinterTest" time="0.0"/>
  <system-out><![CDATA[]]></system-out>
  <system-err><![CDATA[]]></system-err>
</testsuite>
